[2025-06-23 11:47:51.286] [jointLog] [info] setting maxHashResizeThreads to 9
[2025-06-23 11:47:51.286] [jointLog] [info] Fragment incompatibility prior below threshold.  Incompatible fragments will be ignored.
[2025-06-23 11:47:51.286] [jointLog] [info] Usage of --validateMappings implies use of minScoreFraction. Since not explicitly specified, it is being set to 0.65
[2025-06-23 11:47:51.286] [jointLog] [info] Setting consensusSlack to selective-alignment default of 0.35.
[2025-06-23 11:47:51.286] [jointLog] [info] parsing read library format
[2025-06-23 11:47:51.286] [jointLog] [info] There is 1 library.
[2025-06-23 11:47:51.288] [jointLog] [info] Loading pufferfish index
[2025-06-23 11:47:51.288] [jointLog] [info] Loading dense pufferfish index.
[2025-06-23 11:48:12.432] [jointLog] [info] done
[2025-06-23 11:48:12.448] [jointLog] [info] Index contained 102,215 targets
[2025-06-23 11:48:12.465] [jointLog] [info] Number of decoys : 44
[2025-06-23 11:48:12.465] [jointLog] [info] First decoy index : 102,145 
[2025-06-23 11:48:12.893] [jointLog] [info] Automatically detected most likely library type as IU

[2025-06-23 11:48:46.385] [jointLog] [info] Computed 78,404 rich equivalence classes for further processing
[2025-06-23 11:48:46.385] [jointLog] [info] Counted 4,648,298 total reads in the equivalence classes 
[2025-06-23 11:48:46.393] [jointLog] [info] Number of mappings discarded because of alignment score : 2,552,140
[2025-06-23 11:48:46.393] [jointLog] [info] Number of fragments entirely discarded because of alignment score : 1,969,303
[2025-06-23 11:48:46.393] [jointLog] [info] Number of fragments discarded because they are best-mapped to decoys : 1,310,247
[2025-06-23 11:48:46.393] [jointLog] [info] Number of fragments discarded because they have only dovetail (discordant) mappings to valid targets : 90,643
[2025-06-23 11:48:46.399] [jointLog] [warning] Only 4648298 fragments were mapped, but the number of burn-in fragments was set to 5000000.
The effective lengths have been computed using the observed mappings.

[2025-06-23 11:48:46.399] [jointLog] [info] Mapping rate = 39.2981%

[2025-06-23 11:48:46.399] [jointLog] [info] finished quantifyLibrary()
[2025-06-23 11:48:46.401] [jointLog] [info] Starting optimizer
[2025-06-23 11:48:46.386] [fileLog] [info] 
At end of round 0
==================
Observed 11828299 total fragments (11828299 in most recent round)

[2025-06-23 11:48:46.877] [jointLog] [info] Marked 0 weighted equivalence classes as degenerate
[2025-06-23 11:48:46.884] [jointLog] [info] iteration = 0 | max rel diff. = 4120.63
[2025-06-23 11:48:47.523] [jointLog] [info] iteration = 100 | max rel diff. = 11.2535
[2025-06-23 11:48:48.161] [jointLog] [info] iteration = 200 | max rel diff. = 17.7646
[2025-06-23 11:48:48.802] [jointLog] [info] iteration = 300 | max rel diff. = 10.874
[2025-06-23 11:48:49.488] [jointLog] [info] iteration = 400 | max rel diff. = 3.61488
[2025-06-23 11:48:50.171] [jointLog] [info] iteration = 500 | max rel diff. = 0.646101
[2025-06-23 11:48:50.864] [jointLog] [info] iteration = 600 | max rel diff. = 0.715888
[2025-06-23 11:48:51.491] [jointLog] [info] iteration = 700 | max rel diff. = 0.331712
[2025-06-23 11:48:52.069] [jointLog] [info] iteration = 800 | max rel diff. = 0.0740721
[2025-06-23 11:48:52.487] [jointLog] [info] iteration = 873 | max rel diff. = 0.00562318
[2025-06-23 11:48:52.489] [jointLog] [info] Finished optimizer
[2025-06-23 11:48:52.489] [jointLog] [info] writing output 

